<?xml version="1.0" encoding="UTF-8"?>
<!-- Generated by org.testng.reporters.JUnitXMLReporter -->
<testsuite ignored="0" hostname="Testing-Sys241" failures="0" tests="3" name="Default test" time="9.653" errors="0" timestamp="2025-05-14T20:14:23 IST">
  <testcase classname="Test_demo.Demo_class" name="browser" time="4.775"/>
  <testcase classname="Test_demo.Demo_class" name="checkURL" time="0.057"/>
  <testcase classname="Test_demo.Demo_class" name="getText" time="0.069"/>
</testsuite> <!-- Default test -->
