<?xml version="1.0" encoding="UTF-8"?>
<!-- Generated by org.testng.reporters.JUnitXMLReporter -->
<testsuite ignored="0" hostname="Testing-Sys241" failures="1" tests="3" name="Test" time="13.552" errors="0" timestamp="2025-05-14T20:18:39 IST">
  <testcase classname="Test_demo.Demo_class" name="browser" time="8.203"/>
  <testcase classname="Test_demo.Demo_class" name="checkURL" time="0.038"/>
  <testcase classname="Test_demo.Demo_class" name="getText" time="0.1">
    <failure type="java.lang.AssertionError" message="Button text does not matches! expected [Book a Free Demosss] but found [Book a Free Demo]">
      <![CDATA[java.lang.AssertionError: Button text does not matches! expected [Book a Free Demosss] but found [Book a Free Demo]
at Test_demo.Demo_class.getText(Demo_class.java:38)
at java.base/java.util.ArrayList.forEach(ArrayList.java:1596)
... Removed 30 stack frames]]>
    </failure>
  </testcase> <!-- getText -->
</testsuite> <!-- Test -->
