<?xml version="1.0" encoding="UTF-8"?>
<!-- Generated by org.testng.reporters.JUnitXMLReporter -->
<testsuite ignored="4" hostname="Maaran-CR241" failures="0" tests="3" name="Test" time="18.851" errors="0" timestamp="2025-09-13T12:59:43 IST">
  <testcase classname="Test.testCases_Login" name="TestCase" time="3.879"/>
  <testcase classname="Test.Test_Customer_Index" name="Index_001" time="9.957"/>
  <testcase classname="Test.Test_Express_Inv" name="TestCase_001" time="4.952"/>
  <testcase classname="Base_FinZor.Base_Class" name="@BeforeSuite Setup" time="0.0">
    <ignored/>
  </testcase> <!-- @BeforeSuite Setup -->
  <testcase classname="Base_FinZor.Base_Class" name="@AfterSuite TearDown" time="0.0">
    <ignored/>
  </testcase> <!-- @AfterSuite TearDown -->
  <testcase classname="Base_FinZor.Base_Class" name="@BeforeSuite Setup" time="0.0">
    <ignored/>
  </testcase> <!-- @BeforeSuite Setup -->
  <testcase classname="Base_FinZor.Base_Class" name="@AfterSuite TearDown" time="0.0">
    <ignored/>
  </testcase> <!-- @AfterSuite TearDown -->
</testsuite> <!-- Test -->
